Arguments: 
  /home/bas/.nvm/versions/node/v14.17.3/bin/node /mnt/c/Program Files (x86)/Yarn/bin/yarn.js

PATH: 
  /home/bas/.nvm/versions/node/v14.17.3/bin:/usr/local/sbin:/usr/local/bin:/usr/sbin:/usr/bin:/sbin:/bin:/usr/games:/usr/local/games:/mnt/c/Program Files/Java/jdk1.8.0_201/bin:/mnt/c/Program Files (x86)/Intel/iCLS Client/:/mnt/c/Program Files/Intel/iCLS Client/:/mnt/c/Windows/system32:/mnt/c/Windows:/mnt/c/Windows/System32/Wbem:/mnt/c/Windows/System32/WindowsPowerShell/v1.0/:/mnt/c/Program Files (x86)/Intel/Intel(R) Management Engine Components/DAL:/mnt/c/Program Files/Intel/Intel(R) Management Engine Components/DAL:/mnt/c/Program Files (x86)/Intel/Intel(R) Management Engine Components/IPT:/mnt/c/Program Files/Intel/Intel(R) Management Engine Components/IPT:/mnt/c/Program Files (x86)/NVIDIA Corporation/PhysX/Common:/mnt/c/WINDOWS/system32:/mnt/c/WINDOWS:/mnt/c/WINDOWS/System32/Wbem:/mnt/c/WINDOWS/System32/WindowsPowerShell/v1.0/:/mnt/c/WINDOWS/System32/OpenSSH/:/mnt/c/Users/bgoya/Applications/apache-maven-3.6.0:/mnt/c/Program Files/NVIDIA Corporation/NVIDIA NvDLISR:/mnt/c/Program Files/MongoDB/Server/4.0/bin:/mnt/c/Program Files/Amazon/AWSCLI/bin/:/mnt/c/WINDOWS/system32:/mnt/c/WINDOWS:/mnt/c/WINDOWS/System32/Wbem:/mnt/c/WINDOWS/System32/WindowsPowerShell/v1.0/:/mnt/c/WINDOWS/System32/OpenSSH/:/mnt/c/Program Files/PuTTY/:/mnt/c/Program Files/nodejs/:/mnt/c/Program Files (x86)/Yarn/bin/:/mnt/c/Program Files/Git/cmd:/mnt/c/Users/bgoya/AppData/Roaming/Python/Python39/Scripts:/mnt/c/Users/bgoya/AppData/Roaming/Python/Python39:/mnt/c/Program Files (x86)/Common Files/Oracle/Java/javapath:/mnt/c/Program Files (x86)/Microsoft SQL Server/150/DTS/Binn/:/mnt/c/Program Files/Azure Data Studio/bin:/mnt/c/Program Files/Calibre2/:/mnt/c/Program Files/Docker/Docker/resources/bin:/mnt/c/ProgramData/DockerDesktop/version-bin:/mnt/c/Users/bgoya/.windows-build-tools/python27/:/mnt/c/Python/Python39/Scripts/:/mnt/c/Python/Python39/:/mnt/c/Users/bgoya/Programs/gnupg-2.2.20:/mnt/c/Users/bgoya/.windows-build-tools/python27/:/mnt/c/Users/bgoya/AppData/Roaming/npm/node_modules/npm/node_modules/npm-lifecycle/node-gyp-bin:/mnt/c/Users/bgoya/AppData/Roaming/npm/node_modules/windows-build-tools/node_modules/.bin:/mnt/c/Users/bgoya/AppData/Roaming/npm/node_modules/.bin:/mnt/c/Users/bgoya/AppData/Local/Microsoft/WindowsApps:/mnt/c/Program Files/Microsoft VS Code/bin:/mnt/c/Users/bgoya/AppData/Local/Programs/Microsoft VS Code/bin:/mnt/c/MinGW/bin:/mnt/c/Users/bgoya/Applications/apache-maven-3.6.0/bin:/mnt/c/Users/bgoya/AppData/Local/Google/Cloud SDK/google-cloud-sdk/bin:/mnt/c/Program Files (x86)/Minimal ADB and Fastboot:/mnt/c/Users/bgoya/AppData/Local/Programs/Fiddler:/mnt/c/Users/bgoya/AppData/Roaming/npm:/mnt/c/Users/bgoya/AppData/Local/Yarn/bin:/mnt/c/Users/bgoya/AppData/Local/Microsoft/WindowsApps:/mnt/c/Python/Python39:/mnt/c/Python/Python39/Scripts:/mnt/c/WINDOWS/system32/WindowsPowerShell/v1.0

Yarn version: 
  1.22.4

Node version: 
  14.17.3

Platform: 
  linux x64

Trace: 
  SyntaxError: /home/bas/dev/repro-require/packages/package-b/package.json: Unexpected token } in JSON at position 127
      at JSON.parse (<anonymous>)
      at /mnt/c/Program Files (x86)/Yarn/lib/cli.js:1625:59
      at Generator.next (<anonymous>)
      at step (/mnt/c/Program Files (x86)/Yarn/lib/cli.js:310:30)
      at /mnt/c/Program Files (x86)/Yarn/lib/cli.js:321:13

npm manifest: 
  {
    "name": "repro-require",
    "version": "1.0.0",
    "license": "MIT",
    "private": true,
    "workspaces": ["packages/*"]
  
  }

yarn manifest: 
  No manifest

Lockfile: 
  # THIS IS AN AUTOGENERATED FILE. DO NOT EDIT THIS FILE DIRECTLY.
  # yarn lockfile v1
